ptp4l[1558.630]: port 1: INITIALIZING to LISTENING on INIT_COMPLETE
ptp4l[1558.630]: port 0: INITIALIZING to LISTENING on INIT_COMPLETE
ptp4l[1558.917]: port 1: new foreign master 12270c.fffe.c59c31-1
ptp4l[1562.921]: selected best master clock 12270c.fffe.c59c31
ptp4l[1562.921]: foreign master not using PTP timescale
ptp4l[1562.921]: port 1: LISTENING to UNCALIBRATED on RS_SLAVE
ptp4l[1564.182]: master offset   21287138 s0 freq -237944 path delay    602012
ptp4l[1565.184]: master offset   21652646 s0 freq -237944 path delay    584905
ptp4l[1566.187]: master offset   21992105 s0 freq -237944 path delay    602012
ptp4l[1567.188]: master offset   22313270 s0 freq -237944 path delay    584905
ptp4l[1568.191]: master offset   22649516 s0 freq -237944 path delay    567799
ptp4l[1569.193]: master offset   23063171 s0 freq -237944 path delay    567799
ptp4l[1570.196]: master offset   23339134 s0 freq -237944 path delay    602012
ptp4l[1571.199]: master offset   23574110 s0 freq -237944 path delay    602012
ptp4l[1572.201]: master offset   23717120 s0 freq -237944 path delay    587695
ptp4l[1573.205]: master offset   24313636 s0 freq -237944 path delay    573378
ptp4l[1574.206]: master offset   24626268 s0 freq -237944 path delay    573378
ptp4l[1575.206]: master offset   24995360 s0 freq -237944 path delay    573181
ptp4l[1576.206]: master offset   25253333 s0 freq -237944 path delay    573181
ptp4l[1577.211]: master offset   25689274 s0 freq -237944 path delay    573181
ptp4l[1578.216]: master offset   26698072 s0 freq -237944 path delay    603413
ptp4l[1579.218]: master offset   26180333 s0 freq -237944 path delay    603413
ptp4l[1580.220]: master offset   26499687 s1 freq  +87173 path delay    603413
ptp4l[1581.218]: master offset    -687352 s2 freq  +17750 path delay    603413
ptp4l[1581.218]: port 1: UNCALIBRATED to SLAVE on MASTER_CLOCK_SELECTED
ptp4l[1582.218]: master offset   -1417852 s2 freq  -56718 path delay    603413
ptp4l[1583.218]: master offset   -2026161 s2 freq -119575 path delay    603413
ptp4l[1584.221]: master offset   -2763579 s2 freq -196080 path delay    603413
ptp4l[1585.225]: master offset   -3049285 s2 freq -227700 path delay    661733
ptp4l[1586.228]: master offset   -3571553 s2 freq -283498 path delay    798941
ptp4l[1587.230]: master offset   -3379833 s2 freq -267706 path delay    798941
ptp4l[1588.230]: master offset   -3871251 s2 freq -320719 path delay    836238
ptp4l[1589.231]: master offset   -3922435 s2 freq -329760 path delay    836238
ptp4l[1590.234]: master offset   -3823308 s2 freq -323671 path delay    836238
ptp4l[1591.238]: master offset   -3773282 s2 freq -322441 path delay    836238
ptp4l[1592.240]: master offset   -3652589 s2 freq -314025 path delay    814291
ptp4l[1593.243]: master offset   -3322442 s2 freq -284332 path delay    777626
ptp4l[1594.246]: master offset   -2356290 s2 freq -190073 path delay    777626
ptp4l[1595.248]: master offset   -3489188 s2 freq -306852 path delay    777626
ptp4l[1596.251]: master offset   -3112514 s2 freq -272298 path delay    734017
ptp4l[1597.254]: master offset   -2988208 s2 freq -262855 path delay    734017
ptp4l[1598.258]: master offset   -2557021 s2 freq -222294 path delay    722637
ptp4l[1599.261]: master offset   -2769325 s2 freq -246293 path delay    690478
ptp4l[1600.266]: master offset   -1818650 s2 freq -153044 path delay    690478
ptp4l[1601.271]: master offset   -2039320 s2 freq -177151 path delay    690478
ptp4l[1602.272]: master offset   -2251603 s2 freq -200631 path delay    690478
ptp4l[1603.273]: master offset   -1971544 s2 freq -174596 path delay    648087
ptp4l[1604.273]: master offset   -1666169 s2 freq -145725 path delay    648087
ptp4l[1605.273]: master offset   -1866168 s2 freq -167591 path delay    671087
ptp4l[1606.274]: master offset   -1506472 s2 freq -133128 path delay    671087
ptp4l[1607.274]: master offset   -1304123 s2 freq -114197 path delay    685616
ptp4l[1608.277]: master offset   -1235274 s2 freq -108547 path delay    742712
ptp4l[1609.280]: master offset   -1181231 s2 freq -104324 path delay    766360
ptp4l[1610.285]: master offset   -1446709 s2 freq -132319 path delay    810379
ptp4l[1611.286]: master offset    -919652 s2 freq  -80533 path delay    810379
ptp4l[1612.287]: master offset    -832257 s2 freq  -72626 path delay    772864
ptp4l[1613.288]: master offset    -806357 s2 freq  -70842 path delay    772864
ptp4l[1614.288]: master offset   -1067059 s2 freq  -97979 path delay    772864
ptp4l[1615.290]: master offset    -464763 s2 freq  -38214 path delay    772864
ptp4l[1616.290]: master offset   -1251177 s2 freq -118107 path delay    810379
ptp4l[1617.291]: master offset   -1216963 s2 freq -115903 path delay    810379
ptp4l[1618.291]: master offset    -976547 s2 freq  -92837 path delay    810379
ptp4l[1619.292]: master offset   -1101149 s2 freq -106399 path delay    810379
ptp4l[1620.296]: master offset    -931071 s2 freq  -90322 path delay    809528
ptp4l[1621.296]: master offset    -988714 s2 freq  -97075 path delay    809528
ptp4l[1622.297]: master offset   -1055033 s2 freq -104762 path delay    864203
ptp4l[1623.297]: master offset    -965095 s2 freq  -96733 path delay    908474
ptp4l[1624.298]: master offset   -1272135 s2 freq -128709 path delay    908474
ptp4l[1625.302]: master offset   -1105249 s2 freq -113126 path delay    843347
ptp4l[1626.305]: master offset   -1042505 s2 freq -107894 path delay    843347
ptp4l[1627.306]: master offset    -935395 s2 freq  -98119 path delay    837007
ptp4l[1628.308]: master offset    -719095 s2 freq  -77208 path delay    837007
ptp4l[1629.308]: master offset    -817162 s2 freq  -87832 path delay    908155
ptp4l[1630.308]: master offset    -485935 s2 freq  -55195 path delay    908155
ptp4l[1631.309]: master offset    -343638 s2 freq  -41309 path delay    908155
ptp4l[1632.311]: master offset    -913766 s2 freq  -99235 path delay    908155
ptp4l[1633.315]: master offset    -450442 s2 freq  -53353 path delay    837007
ptp4l[1634.317]: master offset    -755642 s2 freq  -84629 path delay    776002
ptp4l[1635.318]: master offset    -792822 s2 freq  -89140 path delay    849120
ptp4l[1636.319]: master offset    -244616 s2 freq  -34564 path delay    849120
ptp4l[1637.319]: master offset    -418319 s2 freq  -52352 path delay    882655
ptp4l[1638.320]: master offset    -484616 s2 freq  -59467 path delay    882655
ptp4l[1639.320]: master offset    -671845 s2 freq  -78862 path delay    849120
ptp4l[1640.321]: master offset    -295921 s2 freq  -41565 path delay    804898
ptp4l[1641.322]: master offset      60420 s2 freq   -5871 path delay    804898
ptp4l[1642.324]: master offset     -47229 s2 freq  -16683 path delay    804898
ptp4l[1643.324]: master offset    -147780 s2 freq  -26886 path delay    882655
ptp4l[1644.328]: master offset    -317350 s2 freq  -44160 path delay    941919
ptp4l[1645.329]: master offset    -151936 s2 freq  -27770 path delay   1018952
ptp4l[1646.330]: master offset     -85895 s2 freq  -21252 path delay   1100894
ptp4l[1647.331]: master offset     -91647 s2 freq  -21919 path delay   1100894
ptp4l[1648.331]: master offset    -145209 s2 freq  -27420 path delay   1144652
ptp4l[1649.332]: master offset    -113538 s2 freq  -24367 path delay   1144652
ptp4l[1650.333]: master offset    -160411 s2 freq  -29215 path delay   1158260
ptp4l[1651.334]: master offset     161467 s2 freq   +3135 path delay   1158260
ptp4l[1652.334]: master offset    -443993 s2 freq  -57855 path delay   1192457
ptp4l[1653.335]: master offset    -113740 s2 freq  -24944 path delay   1173527
ptp4l[1654.336]: master offset     -36472 s2 freq  -17253 path delay   1169746
ptp4l[1655.337]: master offset     -17785 s2 freq  -15403 path delay   1169746
ptp4l[1656.340]: master offset     -34542 s2 freq  -17113 path delay   1181048
ptp4l[1657.344]: master offset       8107 s2 freq  -12840 path delay   1195073
ptp4l[1658.347]: master offset      11888 s2 freq  -12450 path delay   1195073
ptp4l[1659.349]: master offset     341136 s2 freq  +20816 path delay   1188474
ptp4l[1660.351]: master offset    -331612 s2 freq  -46790 path delay   1188474
ptp4l[1661.352]: master offset      19960 s2 freq  -11613 path delay   1181048
ptp4l[1662.354]: master offset    -449711 s2 freq  -59030 path delay   1188474
ptp4l[1663.357]: master offset     152001 s2 freq   +1293 path delay   1188474
ptp4l[1664.360]: master offset     163496 s2 freq   +2606 path delay   1195073
ptp4l[1665.360]: master offset     144594 s2 freq    +861 path delay   1195073
ptp4l[1666.362]: master offset     151115 s2 freq   +1664 path delay   1205233
ptp4l[1667.363]: master offset     235097 s2 freq  +10297 path delay   1188083
ptp4l[1668.364]: master offset     -59260 s2 freq  -19198 path delay   1217163
ptp4l[1669.364]: master offset    -407404 s2 freq  -54420 path delay   1196326
ptp4l[1670.365]: master offset     -62192 s2 freq  -19961 path delay   1196326
ptp4l[1671.366]: master offset    1067284 s2 freq  +94054 path delay   1196326
ptp4l[1672.367]: master offset      60458 s2 freq   -6568 path delay   1233852
ptp4l[1673.367]: master offset     146978 s2 freq   +2231 path delay   1250820
ptp4l[1674.370]: master offset     191108 s2 freq   +6835 path delay   1250820
ptp4l[1675.372]: master offset     263584 s2 freq  +14346 path delay   1222335
ptp4l[1676.375]: master offset     118924 s2 freq      -1 path delay   1313607
ptp4l[1677.380]: master offset     164654 s2 freq   +4737 path delay   1313607
ptp4l[1678.381]: master offset     207761 s2 freq   +9255 path delay   1286746
ptp4l[1679.381]: master offset     -16439 s2 freq  -13181 path delay   1262566
ptp4l[1680.384]: master offset     292518 s2 freq  +18007 path delay   1257475
ptp4l[1681.386]: master offset     297282 s2 freq  +18781 path delay   1257475
ptp4l[1682.386]: master offset     275467 s2 freq  +16875 path delay   1257475
ptp4l[1683.386]: master offset     -14117 s2 freq  -12098 path delay   1257475
ptp4l[1684.391]: master offset     140436 s2 freq   +3498 path delay   1153980
ptp4l[1685.391]: master offset     184271 s2 freq   +8066 path delay   1153980
ptp4l[1686.393]: master offset    -106238 s2 freq  -21091 path delay   1054280
ptp4l[1687.394]: master offset     409943 s2 freq  +30937 path delay   1038925
ptp4l[1688.396]: master offset     346965 s2 freq  +24986 path delay   1038925
ptp4l[1689.396]: master offset     471795 s2 freq  +37941 path delay    937979
ptp4l[1690.397]: master offset     499907 s2 freq  +41252 path delay    903767
ptp4l[1691.398]: master offset     776520 s2 freq  +69690 path delay    887406
ptp4l[1692.398]: master offset     319928 s2 freq  +24350 path delay    887406
ptp4l[1693.399]: master offset     409318 s2 freq  +33699 path delay    880100
ptp4l[1694.400]: master offset    1382482 s2 freq +132398 path delay    879908
ptp4l[1695.419]: master offset   12947155 s2 freq +1301812 path delay    883218
ptp4l[1696.406]: master offset    -895660 s2 freq  -83365 path delay    883755
ptp4l[1697.407]: master offset    -376961 s2 freq  -31872 path delay    883755
ptp4l[1698.407]: master offset    -361440 s2 freq  -30681 path delay    887406
ptp4l[1699.407]: master offset    -347251 s2 freq  -29610 path delay    887406
ptp4l[1700.408]: master offset    -840859 s2 freq  -79811 path delay   1010346
ptp4l[1701.409]: master offset    -333942 s2 freq  -29454 path delay   1049389
ptp4l[1702.411]: master offset    -362863 s2 freq  -32709 path delay   1154065
ptp4l[1703.410]: master offset    -626162 s2 freq  -59665 path delay   1154065
ptp4l[1704.410]: master offset    -992282 s2 freq  -97269 path delay   1164546
ptp4l[1705.411]: master offset    -446976 s2 freq  -43185 path delay   1164546
ptp4l[1706.413]: master offset     -60058 s2 freq   -4554 path delay   1164546
ptp4l[1707.413]: master offset     -29128 s2 freq   -1490 path delay   1164546
ptp4l[1708.414]: master offset     -50799 s2 freq   -3708 path delay   1189206
ptp4l[1709.417]: master offset     135877 s2 freq  +15096 path delay   1189206
ptp4l[1710.417]: master offset     -37763 s2 freq   -2306 path delay   1189206
ptp4l[1711.418]: master offset    -515803 s2 freq  -50626 path delay   1154641
ptp4l[1712.421]: master offset    -202185 s2 freq  -19466 path delay   1154641
ptp4l[1713.424]: master offset    -118670 s2 freq  -11233 path delay   1109854
ptp4l[1714.424]: master offset     -59779 s2 freq   -5404 path delay   1109854
ptp4l[1715.424]: master offset    -366691 s2 freq  -36462 path delay   1035561
ptp4l[1716.428]: master offset     482577 s2 freq  +48947 path delay   1035561
ptp4l[1717.428]: master offset     428486 s2 freq  +43967 path delay   1043790
ptp4l[1718.430]: master offset     252589 s2 freq  +26630 path delay   1043790
ptp4l[1719.431]: master offset     344566 s2 freq  +36172 path delay   1043790
ptp4l[1720.433]: master offset     808507 s2 freq  +83375 path delay   1043790
ptp4l[1721.433]: master offset     377857 s2 freq  +40687 path delay   1043790
ptp4l[1722.432]: master offset      92727 s2 freq  +12267 path delay   1112222
ptp4l[1723.433]: master offset    -410529 s2 freq  -38469 path delay   1124246
ptp4l[1724.435]: master offset    -368048 s2 freq  -34589 path delay   1124246
ptp4l[1725.435]: master offset    -330812 s2 freq  -31196 path delay   1124246
ptp4l[1726.438]: master offset    -277432 s2 freq  -26136 path delay   1124246
ptp4l[1727.439]: master offset     -35558 s2 freq   -1984 path delay    876506
ptp4l[1728.442]: master offset     445127 s2 freq  +46530 path delay    876506
ptp4l[1729.443]: master offset     396459 s2 freq  +42060 path delay    776544
ptp4l[1730.444]: master offset     219479 s2 freq  +24581 path delay    776544
ptp4l[1731.447]: master offset     194111 s2 freq  +22238 path delay    713479
ptp4l[1732.450]: master offset      78556 s2 freq  +10761 path delay    713479
ptp4l[1733.450]: master offset     261693 s2 freq  +29337 path delay    713479
ptp4l[1734.453]: master offset     460350 s2 freq  +49663 path delay    713479
ptp4l[1735.453]: master offset      48363 s2 freq   +8513 path delay    713479
ptp4l[1736.456]: master offset     112669 s2 freq  +15056 path delay    713479
ptp4l[1737.458]: master offset    -318372 s2 freq  -28367 path delay    776544
ptp4l[1738.462]: master offset     390202 s2 freq  +42881 path delay    776544
ptp4l[1739.467]: master offset     211745 s2 freq  +25247 path delay    869830
ptp4l[1740.469]: master offset     203152 s2 freq  +24591 path delay    869830
ptp4l[1741.470]: master offset     207313 s2 freq  +25214 path delay    941077
ptp4l[1742.473]: master offset     180320 s2 freq  +22695 path delay    942341
ptp4l[1743.476]: master offset     377164 s2 freq  +42757 path delay    942341
ptp4l[1744.479]: master offset     124988 s2 freq  +17664 path delay    942341
ptp4l[1745.479]: master offset     100077 s2 freq  +15273 path delay    942341
ptp4l[1746.482]: master offset      57156 s2 freq  +11038 path delay    942341
ptp4l[1747.486]: master offset     221372 s2 freq  +27681 path delay    942341
ptp4l[1748.487]: master offset      13822 s2 freq   +6940 path delay   1007208
ptp4l[1749.492]: master offset    -109581 s2 freq   -5510 path delay    996320
ptp4l[1750.493]: master offset    -248624 s2 freq  -19663 path delay    996320
ptp4l[1751.493]: master offset     182452 s2 freq  +23627 path delay    914379
ptp4l[1752.493]: master offset      27575 s2 freq   +8167 path delay    914379
ptp4l[1753.498]: master offset     270537 s2 freq  +32734 path delay    891828
ptp4l[1754.500]: master offset     527423 s2 freq  +58950 path delay    891828
ptp4l[1755.503]: master offset     490574 s2 freq  +55756 path delay    891828
ptp4l[1756.508]: master offset     339439 s2 freq  +40982 path delay    993645
ptp4l[1757.513]: master offset     327752 s2 freq  +40141 path delay    993645
ptp4l[1758.513]: master offset    -203630 s2 freq  -13201 path delay   1101610
ptp4l[1759.514]: master offset       8317 s2 freq   +8002 path delay    993645
ptp4l[1760.518]: master offset      -2775 s2 freq   +6890 path delay    842080
ptp4l[1761.519]: master offset     194538 s2 freq  +26816 path delay    842080
ptp4l[1762.519]: master offset     304994 s2 freq  +38166 path delay    823770
ptp4l[1763.524]: master offset     201992 s2 freq  +28068 path delay    823770
ptp4l[1764.524]: master offset       4099 s2 freq   +8283 path delay    939124
ptp4l[1765.527]: master offset     117518 s2 freq  +19742 path delay   1041152
ptp4l[1766.530]: master offset     -81914 s2 freq    -283 path delay   1041152
ptp4l[1767.535]: master offset     198580 s2 freq  +27965 path delay   1064512
ptp4l[1768.535]: master offset     160524 s2 freq  +24320 path delay   1064512
ptp4l[1769.540]: master offset     224914 s2 freq  +30984 path delay   1064512
ptp4l[1770.542]: master offset     166633 s2 freq  +25322 path delay   1064512
ptp4l[1771.543]: master offset      99869 s2 freq  +18746 path delay   1064512
ptp4l[1772.547]: master offset     123235 s2 freq  +21206 path delay   1064512
ptp4l[1773.547]: master offset    -207295 s2 freq  -12055 path delay   1064512
ptp4l[1774.548]: master offset     209579 s2 freq  +29842 path delay   1046500
ptp4l[1775.553]: master offset     214106 s2 freq  +30509 path delay   1064512
ptp4l[1776.557]: master offset      91367 s2 freq  +18327 path delay   1188100
ptp4l[1777.562]: master offset      35441 s2 freq  +12770 path delay   1188100
ptp4l[1778.562]: master offset     -28651 s2 freq   +6332 path delay   1216055
ptp4l[1779.566]: master offset      51965 s2 freq  +14445 path delay   1216055
ptp4l[1780.570]: master offset      -5649 s2 freq   +8678 path delay   1217602
ptp4l[1781.573]: master offset     -66228 s2 freq   +2554 path delay   1217602
ptp4l[1782.574]: master offset    -368661 s2 freq  -28058 path delay   1216497
ptp4l[1783.578]: master offset    -601743 s2 freq  -51968 path delay   1197901
ptp4l[1784.582]: master offset     174247 s2 freq  +25805 path delay   1197901
ptp4l[1785.586]: master offset     137169 s2 freq  +22235 path delay   1187758
ptp4l[1786.587]: master offset      53105 s2 freq  +13882 path delay   1187758
ptp4l[1787.588]: master offset    -373497 s2 freq  -29152 path delay   1072174
ptp4l[1788.591]: master offset    -335356 s2 freq  -25673 path delay   1072174
ptp4l[1789.595]: master offset     120965 s2 freq  +20080 path delay    992937
ptp4l[1790.598]: master offset     219706 s2 freq  +30173 path delay   1051533
ptp4l[1791.599]: master offset      49994 s2 freq  +13252 path delay   1051533
ptp4l[1792.602]: master offset     157439 s2 freq  +24154 path delay   1022936
ptp4l[1793.604]: master offset    1642374 s2 freq +174290 path delay   1022936
ptp4l[1794.603]: master offset     119167 s2 freq  +22089 path delay   1072174
ptp4l[1795.603]: master offset       5681 s2 freq  +10746 path delay   1166243
ptp4l[1796.603]: master offset     -41234 s2 freq   +6013 path delay   1242737
ptp4l[1797.608]: master offset    -155249 s2 freq   -5544 path delay   1237108
ptp4l[1798.608]: master offset     -20138 s2 freq   +7947 path delay   1237108
ptp4l[1799.608]: master offset    -123215 s2 freq   -2484 path delay   1250783
ptp4l[1800.609]: master offset     -11713 s2 freq   +8655 path delay   1242737
ptp4l[1801.609]: master offset       -457 s2 freq   +9780 path delay   1242737
ptp4l[1802.609]: master offset    -528349 s2 freq  -43538 path delay   1250113
ptp4l[1803.614]: master offset     -20727 s2 freq   +7204 path delay   1224600
ptp4l[1804.616]: master offset    -165359 s2 freq   -7425 path delay   1224600
ptp4l[1805.617]: master offset     212596 s2 freq  +30583 path delay   1219000
ptp4l[1806.620]: master offset    1682229 s2 freq +179229 path delay   1219000
ptp4l[1807.621]: master offset    2734913 s2 freq +287232 path delay   1157869
ptp4l[1808.626]: master offset    4622325 s2 freq +480596 path delay   1063260
ptp4l[1809.631]: master offset    5432606 s2 freq +567056 path delay   1063260
ptp4l[1810.633]: master offset    6571424 s2 freq +687510 path delay   1013886
ptp4l[1811.638]: master offset    7292181 s2 freq +766877 path delay   1013886
ptp4l[1812.640]: master offset    7449946 s2 freq +790104 path delay   1013886
ptp4l[1813.645]: master offset    8014721 s2 freq +854596 path delay    988428
ptp4l[1814.646]: master offset    8851978 s2 freq +947174 path delay    988428
ptp4l[1815.650]: master offset    9159520 s2 freq +987088 path delay    988428
ptp4l[1816.652]: master offset    9195202 s2 freq +999851 path delay    991176
ptp4l[1817.657]: master offset    9464771 s2 freq +1036273 path delay   1029266
ptp4l[1818.656]: master offset    9207617 s2 freq +1019765 path delay   1009316
ptp4l[1819.659]: master offset    9816210 s2 freq +1090440 path delay   1009316
ptp4l[1820.661]: master offset    9556918 s2 freq +1074068 path delay   1072864
ptp4l[1821.665]: master offset    9401606 s2 freq +1067938 path delay   1123312
ptp4l[1822.667]: master offset    9330051 s2 freq +1070113 path delay   1123312
ptp4l[1823.671]: master offset    9229050 s2 freq +1069242 path delay   1123312
ptp4l[1824.673]: master offset    8981124 s2 freq +1053430 path delay   1178441
ptp4l[1825.677]: master offset    8851858 s2 freq +1049356 path delay   1222662
ptp4l[1826.678]: master offset    7997750 s2 freq +971943 path delay   1222662
ptp4l[1827.683]: master offset    8617405 s2 freq +1042526 path delay   1222662
ptp4l[1828.686]: master offset    8400020 s2 freq +1029187 path delay   1209587
ptp4l[1829.690]: master offset    8550146 s2 freq +1052750 path delay   1222662
ptp4l[1830.694]: master offset    7734346 s2 freq +978904 path delay   1222662
ptp4l[1831.697]: master offset    7283856 s2 freq +941139 path delay   1209587
ptp4l[1832.697]: master offset    7088111 s2 freq +928653 path delay   1151529
ptp4l[1833.702]: master offset    6950133 s2 freq +921805 path delay   1086884
ptp4l[1834.702]: master offset    6632678 s2 freq +896692 path delay   1094229
ptp4l[1835.706]: master offset    6415609 s2 freq +881401 path delay   1094229
ptp4l[1836.706]: master offset    6427965 s2 freq +889064 path delay   1062179
ptp4l[1837.708]: master offset    5739447 s2 freq +825952 path delay   1062179
ptp4l[1838.708]: master offset    6261508 s2 freq +884420 path delay   1027844
ptp4l[1839.713]: master offset    5774845 s2 freq +841528 path delay   1077487
ptp4l[1840.712]: master offset    5135427 s2 freq +782722 path delay   1096750
ptp4l[1841.716]: master offset    5221184 s2 freq +796519 path delay   1117763
ptp4l[1842.716]: master offset    4727771 s2 freq +751905 path delay   1101021
ptp4l[1843.720]: master offset    4885869 s2 freq +772601 path delay   1125215
ptp4l[1844.720]: master offset    4048398 s2 freq +692902 path delay   1125215
ptp4l[1845.722]: master offset    3953713 s2 freq +687387 path delay   1061359
ptp4l[1846.723]: master offset    3752185 s2 freq +670987 path delay   1061359
ptp4l[1847.727]: master offset    3560414 s2 freq +655370 path delay   1039794
ptp4l[1848.728]: master offset    3044957 s2 freq +606869 path delay   1039794
ptp4l[1849.732]: master offset    3063675 s2 freq +611805 path delay    997343
ptp4l[1850.735]: master offset    3308768 s2 freq +639623 path delay    978767
ptp4l[1851.739]: master offset    3109039 s2 freq +622759 path delay    940251
ptp4l[1852.739]: master offset    2582982 s2 freq +572736 path delay    940251
ptp4l[1853.743]: master offset    2509398 s2 freq +567887 path delay    940251
ptp4l[1854.743]: master offset    2467207 s2 freq +566135 path delay    993536
ptp4l[1855.748]: master offset    2147155 s2 freq +536277 path delay   1051222
ptp4l[1856.751]: master offset    1734778 s2 freq +496774 path delay   1093675
ptp4l[1857.753]: master offset    1664159 s2 freq +491377 path delay   1122542
ptp4l[1858.754]: master offset    1566966 s2 freq +483224 path delay   1145587
ptp4l[1859.758]: master offset    1265850 s2 freq +454379 path delay   1145587
ptp4l[1860.761]: master offset    1207983 s2 freq +449800 path delay   1188284
ptp4l[1861.764]: master offset    1017572 s2 freq +431776 path delay   1188284
ptp4l[1862.764]: master offset     775562 s2 freq +408351 path delay   1214761
ptp4l[1863.768]: master offset     693344 s2 freq +400822 path delay   1214761
ptp4l[1864.768]: master offset     551584 s2 freq +387198 path delay   1214761
ptp4l[1865.769]: master offset     520968 s2 freq +384657 path delay   1214761
ptp4l[1866.770]: master offset    -104618 s2 freq +321994 path delay   1191226
ptp4l[1867.774]: master offset      54961 s2 freq +338007 path delay   1169258
ptp4l[1868.774]: master offset    -435096 s2 freq +288566 path delay   1169258
ptp4l[1869.775]: master offset     196152 s2 freq +351887 path delay   1125427
ptp4l[1870.775]: master offset      67683 s2 freq +339108 path delay   1125427
ptp4l[1871.779]: master offset     -23447 s2 freq +329972 path delay   1076176
ptp4l[1872.780]: master offset    -260946 s2 freq +305961 path delay   1030374
ptp4l[1873.780]: master offset    -776684 s2 freq +253610 path delay    978900
ptp4l[1874.784]: master offset    -220824 s2 freq +308975 path delay    969450
ptp4l[1875.785]: master offset    -209946 s2 freq +309853 path delay    969450
ptp4l[1876.788]: master offset    -746442 s2 freq +255457 path delay    969450
ptp4l[1877.791]: master offset   -1120453 s2 freq +216936 path delay   1011785
ptp4l[1878.796]: master offset    -580766 s2 freq +270324 path delay   1011785
ptp4l[1879.797]: master offset   -1083914 s2 freq +218925 path delay   1011785
ptp4l[1880.802]: master offset   -1050992 s2 freq +221166 path delay   1057131
ptp4l[1881.802]: master offset    -842822 s2 freq +241140 path delay   1061800
ptp4l[1882.802]: master offset   -1581500 s2 freq +165691 path delay   1096439
ptp4l[1883.806]: master offset   -1602075 s2 freq +162031 path delay   1096439
ptp4l[1884.807]: master offset    -931438 s2 freq +228164 path delay   1079436
ptp4l[1885.811]: master offset   -1054122 s2 freq +214841 path delay   1079436
ptp4l[1886.811]: master offset   -1139767 s2 freq +205137 path delay   1101027
ptp4l[1887.814]: master offset   -1486709 s2 freq +168956 path delay   1236015
ptp4l[1888.817]: master offset   -1299876 s2 freq +186339 path delay   1186015
ptp4l[1889.819]: master offset   -1804485 s2 freq +134074 path delay   1186015
ptp4l[1890.820]: master offset   -1468721 s2 freq +166182 path delay   1236015
ptp4l[1891.822]: master offset   -1575236 s2 freq +153955 path delay   1229909
ptp4l[1892.822]: master offset   -1604058 s2 freq +149469 path delay   1229909
ptp4l[1893.822]: master offset   -2167466 s2 freq  +90960 path delay   1186015
ptp4l[1894.824]: master offset   -2081883 s2 freq  +97437 path delay   1186015
ptp4l[1895.824]: master offset   -2060145 s2 freq  +97551 path delay   1186015
ptp4l[1896.824]: master offset   -1789970 s2 freq +122778 path delay   1186015
ptp4l[1897.825]: master offset   -2116157 s2 freq  +88043 path delay   1186015
ptp4l[1898.826]: master offset   -1892869 s2 freq +108479 path delay   1150905
ptp4l[1899.830]: master offset   -1014226 s2 freq +195329 path delay   1090283
ptp4l[1900.830]: master offset   -1428774 s2 freq +152446 path delay   1090283
ptp4l[1901.833]: master offset   -1909195 s2 freq +102494 path delay   1018880
ptp4l[1902.837]: master offset   -1545951 s2 freq +137273 path delay   1018880
ptp4l[1903.839]: master offset   -2074157 s2 freq  +82378 path delay   1018880
ptp4l[1904.839]: master offset   -1886720 s2 freq  +99235 path delay    978507
ptp4l[1905.839]: master offset   -1655572 s2 freq +120694 path delay    978507
ptp4l[1906.841]: master offset   -1658186 s2 freq +118775 path delay   1032283
ptp4l[1907.845]: master offset   -1798845 s2 freq +102910 path delay   1086579
ptp4l[1908.847]: master offset   -1479471 s2 freq +133368 path delay   1086579
ptp4l[1909.850]: master offset   -1928404 s2 freq  +86546 path delay   1162584
ptp4l[1910.851]: master offset   -2032692 s2 freq  +74085 path delay   1193654
ptp4l[1911.850]: master offset   -2758466 s2 freq   -1251 path delay   1198366
ptp4l[1912.852]: master offset   -1130125 s2 freq +160453 path delay   1198366
ptp4l[1913.856]: master offset   -2031854 s2 freq  +68248 path delay   1211541
ptp4l[1914.859]: master offset   -1914284 s2 freq  +78091 path delay   1211541
ptp4l[1915.859]: master offset   -2575233 s2 freq   +9421 path delay   1211541
ptp4l[1916.859]: master offset   -2563007 s2 freq   +8080 path delay   1211541
ptp4l[1917.864]: master offset   -2007709 s2 freq  +61602 path delay   1211541
ptp4l[1918.866]: master offset   -2035543 s2 freq  +56783 path delay   1113709
ptp4l[1919.866]: master offset   -2215179 s2 freq  +36605 path delay   1044006
ptp4l[1920.867]: master offset   -1592690 s2 freq  +97261 path delay   1023759
ptp4l[1921.870]: master offset   -2354619 s2 freq  +18713 path delay   1023759
ptp4l[1922.874]: master offset   -2027042 s2 freq  +49444 path delay    999778
ptp4l[1923.880]: master offset       9721 s2 freq +253130 path delay    980854
ptp4l[1924.880]: master offset   -2154864 s2 freq  +34517 path delay    999778
ptp4l[1925.880]: master offset   -2533972 s2 freq   -5928 path delay    990731
ptp4l[1926.882]: master offset   -2516939 s2 freq   -6742 path delay    990731
ptp4l[1927.883]: master offset   -2048749 s2 freq  +38028 path delay   1029903
ptp4l[1928.889]: master offset   -1900323 s2 freq  +50971 path delay   1054493
ptp4l[1929.888]: master offset   -2217033 s2 freq  +17083 path delay   1054493
ptp4l[1930.890]: master offset   -1872590 s2 freq  +49654 path delay   1085261
ptp4l[1931.893]: master offset   -2263737 s2 freq   +8276 path delay   1085261
ptp4l[1932.897]: master offset   -2026805 s2 freq  +29942 path delay    976772
ptp4l[1933.899]: master offset   -2128665 s2 freq  +17628 path delay    976772
ptp4l[1934.901]: master offset   -2194260 s2 freq   +8874 path delay    976772
ptp4l[1935.906]: master offset   -1473434 s2 freq  +79483 path delay    866282
ptp4l[1936.906]: master offset   -1059796 s2 freq +119787 path delay    853167
ptp4l[1937.911]: master offset    -780817 s2 freq +146904 path delay    853167
ptp4l[1938.912]: master offset    -605041 s2 freq +163877 path delay    853167
ptp4l[1939.916]: master offset     -70245 s2 freq +217286 path delay    853167
ptp4l[1940.917]: master offset      30954 s2 freq +227437 path delay    853167
ptp4l[1941.917]: master offset    -317533 s2 freq +192271 path delay    872747
ptp4l[1942.919]: master offset     238006 s2 freq +248063 path delay    872747
ptp4l[1943.921]: master offset     323582 s2 freq +256944 path delay    979108
ptp4l[1944.923]: master offset     246715 s2 freq +249504 path delay   1097472
ptp4l[1945.923]: master offset     508322 s2 freq +276173 path delay   1097472
ptp4l[1946.924]: master offset     390580 s2 freq +264789 path delay   1139172
ptp4l[1947.925]: master offset     450868 s2 freq +271269 path delay   1139172
ptp4l[1948.924]: master offset     -34375 s2 freq +222710 path delay   1184699
ptp4l[1949.925]: master offset     264551 s2 freq +252867 path delay   1184699
ptp4l[1950.927]: master offset     480607 s2 freq +274954 path delay   1196102
ptp4l[1951.931]: master offset     186125 s2 freq +245691 path delay   1236041
ptp4l[1952.933]: master offset     650665 s2 freq +292796 path delay   1212367
ptp4l[1953.935]: master offset     621374 s2 freq +290488 path delay   1191316
ptp4l[1954.936]: master offset     630570 s2 freq +292039 path delay   1191316
ptp4l[1955.935]: master offset      74030 s2 freq +236459 path delay   1221608
ptp4l[1956.937]: master offset     622357 s2 freq +291914 path delay   1009962
ptp4l[1957.939]: master offset     828433 s2 freq +313350 path delay   1009962
ptp4l[1958.939]: master offset     241358 s2 freq +254884 path delay   1146811
ptp4l[1959.940]: master offset     181571 s2 freq +249086 path delay   1096436
ptp4l[1960.941]: master offset     126941 s2 freq +243750 path delay   1096436
ptp4l[1961.942]: master offset     512547 s2 freq +282823 path delay    988904
ptp4l[1962.945]: master offset     506916 s2 freq +282767 path delay    988904
ptp4l[1963.946]: master offset     771336 s2 freq +309981 path delay    988904
ptp4l[1964.947]: master offset     754270 s2 freq +309028 path delay    988904
ptp4l[1965.947]: master offset     227272 s2 freq +256556 path delay    988904
ptp4l[1966.950]: master offset    1291343 s2 freq +364254 path delay    988904
ptp4l[1967.950]: master offset    -208379 s2 freq +214074 path delay    988904
ptp4l[1968.954]: master offset      63450 s2 freq +241320 path delay   1114985
ptp4l[1969.956]: master offset    -109417 s2 freq +223924 path delay   1114985
ptp4l[1970.956]: master offset     149886 s2 freq +250004 path delay   1114985
ptp4l[1971.959]: master offset     183631 s2 freq +253562 path delay   1041275
ptp4l[1972.962]: master offset     132957 s2 freq +248628 path delay   1041275
ptp4l[1973.966]: master offset    1969481 s2 freq +434250 path delay    908816
ptp4l[1974.968]: master offset    -145042 s2 freq +222652 path delay    908816
ptp4l[1975.967]: master offset    -523037 s2 freq +184330 path delay    819014
ptp4l[1976.968]: master offset     -23566 s2 freq +234253 path delay    818438
ptp4l[1977.971]: master offset     236569 s2 freq +260503 path delay    808576
ptp4l[1978.975]: master offset     416994 s2 freq +278963 path delay    808576
ptp4l[1979.975]: master offset     245079 s2 freq +262016 path delay    808576
ptp4l[1980.975]: master offset     172807 s2 freq +254962 path delay    818438
ptp4l[1981.975]: master offset     133188 s2 freq +251133 path delay    818438
ptp4l[1982.977]: master offset     -43155 s2 freq +233456 path delay    966973
ptp4l[1983.979]: master offset    -146788 s2 freq +222946 path delay    966973
ptp4l[1984.983]: master offset    -501419 s2 freq +186981 path delay   1190673
ptp4l[1985.983]: master offset    -405007 s2 freq +196217 path delay   1190673
ptp4l[1986.986]: master offset    -456640 s2 freq +190598 path delay   1209004
ptp4l[1987.987]: master offset    -309121 s2 freq +205040 path delay   1209004
ptp4l[1988.990]: master offset    -435982 s2 freq +191918 path delay   1216865
ptp4l[1989.993]: master offset    -555835 s2 freq +179377 path delay   1216865
ptp4l[1990.996]: master offset    -505436 s2 freq +183912 path delay   1199546
ptp4l[1991.998]: master offset    -481362 s2 freq +185838 path delay   1199546
ptp4l[1992.998]: master offset    -634579 s2 freq +169881 path delay   1199546
ptp4l[1993.998]: master offset    -833565 s2 freq +149149 path delay   1199546
ptp4l[1994.998]: master offset   -1036235 s2 freq +127846 path delay   1174137
ptp4l[1995.998]: master offset    -949425 s2 freq +135577 path delay   1152888
ptp4l[1997.001]: master offset    -991551 s2 freq +130373 path delay   1095889
ptp4l[1998.006]: master offset    -588292 s2 freq +170111 path delay    951356
ptp4l[1999.009]: master offset    -525618 s2 freq +175853 path delay    951356
ptp4l[2000.011]: master offset    -509787 s2 freq +176926 path delay    902943
ptp4l[2001.015]: master offset     -41342 s2 freq +223729 path delay    902943
ptp4l[2002.020]: master offset    -274891 s2 freq +200099 path delay    902943
ptp4l[2003.022]: master offset    -901238 s2 freq +136563 path delay    902943
ptp4l[2004.023]: master offset    -904723 s2 freq +135310 path delay    902943
ptp4l[2005.024]: master offset    -647759 s2 freq +160359 path delay    857721
ptp4l[2006.025]: master offset    -868073 s2 freq +137459 path delay    857721
ptp4l[2007.025]: master offset    -945080 s2 freq +128814 path delay    827461
ptp4l[2008.030]: master offset    -480407 s2 freq +174801 path delay    827461
ptp4l[2009.030]: master offset    -726353 s2 freq +149480 path delay    965993
ptp4l[2010.033]: master offset   -1119940 s2 freq +109001 path delay   1048836
ptp4l[2011.034]: master offset    -553340 s2 freq +165108 path delay   1048836
ptp4l[2012.034]: master offset    -910062 s2 freq +128525 path delay   1048836
ptp4l[2013.039]: master offset    -567304 s2 freq +162234 path delay   1003747
ptp4l[2014.038]: master offset   -1150956 s2 freq +102718 path delay   1003747
ptp4l[2015.040]: master offset    -529661 s2 freq +164317 path delay   1003747
ptp4l[2016.040]: master offset   -1099391 s2 freq +106245 path delay   1088902
ptp4l[2017.042]: master offset    -949012 s2 freq +120334 path delay   1088902
ptp4l[2018.044]: master offset    -762182 s2 freq +138255 path delay   1096548
ptp4l[2019.049]: master offset     348328 s2 freq +249654 path delay   1103580
ptp4l[2020.052]: master offset    -916250 s2 freq +122280 path delay   1116970
ptp4l[2021.056]: master offset    -971514 s2 freq +115782 path delay   1126311
ptp4l[2022.055]: master offset   -1424263 s2 freq  +69083 path delay   1129452
ptp4l[2023.058]: master offset   -1337600 s2 freq  +76412 path delay   1129452
ptp4l[2024.059]: master offset   -1266796 s2 freq  +82225 path delay   1129452
ptp4l[2025.062]: master offset   -1248924 s2 freq  +82764 path delay   1198991
ptp4l[2026.062]: master offset   -1270454 s2 freq  +79340 path delay   1126311
ptp4l[2027.066]: master offset   -1183654 s2 freq  +86836 path delay   1126311
ptp4l[2028.066]: master offset   -1213252 s2 freq  +82663 path delay   1018629
ptp4l[2029.070]: master offset    -895935 s2 freq +113499 path delay    894549
ptp4l[2030.070]: master offset   -1182376 s2 freq  +83673 path delay    894549
ptp4l[2031.073]: master offset   -1192020 s2 freq  +81516 path delay    796406
ptp4l[2032.073]: master offset   -1043084 s2 freq  +95367 path delay    835904
ptp4l[2033.073]: master offset   -1076808 s2 freq  +90918 path delay    833222
ptp4l[2034.073]: master offset   -1000311 s2 freq  +97567 path delay    771692
ptp4l[2035.074]: master offset    -951850 s2 freq +101461 path delay    771692
ptp4l[2036.074]: master offset    -650351 s2 freq +130961 path delay    771692
ptp4l[2037.074]: master offset    -690408 s2 freq +126265 path delay    776490
ptp4l[2038.078]: master offset    -836568 s2 freq +110812 path delay    776490
ptp4l[2039.078]: master offset   -1010745 s2 freq  +92384 path delay    820781
ptp4l[2040.081]: master offset    -278836 s2 freq +165296 path delay    820781
ptp4l[2041.083]: master offset   -1347576 s2 freq  +57074 path delay    950125
ptp4l[2042.085]: master offset   -1138007 s2 freq  +76893 path delay    950125
ptp4l[2043.085]: master offset   -1517684 s2 freq  +37408 path delay    941859
ptp4l[2044.087]: master offset   -1483247 s2 freq  +39368 path delay    941859
ptp4l[2045.088]: master offset   -1409686 s2 freq  +45315 path delay    941859
ptp4l[2046.088]: master offset   -1072940 s2 freq  +77916 path delay    941859
ptp4l[2047.090]: master offset    -920332 s2 freq  +92257 path delay   1045562
ptp4l[2048.090]: master offset    -965937 s2 freq  +86730 path delay   1045562
ptp4l[2049.094]: master offset    -842448 s2 freq  +98237 path delay   1045562
ptp4l[2050.095]: master offset   -1066820 s2 freq  +74733 path delay   1059576
ptp4l[2051.098]: master offset   -1318451 s2 freq  +48251 path delay   1059576
ptp4l[2052.102]: master offset     368684 s2 freq +217333 path delay   1059576
ptp4l[2053.104]: master offset   -1049785 s2 freq  +74437 path delay   1131189
ptp4l[2054.106]: master offset   -1076751 s2 freq  +70663 path delay   1131189
ptp4l[2055.109]: master offset   -1444587 s2 freq  +32435 path delay   1131189
ptp4l[2056.111]: master offset   -1706341 s2 freq   +4553 path delay   1131189
ptp4l[2057.115]: master offset   -1516179 s2 freq  +22053 path delay   1068435
ptp4l[2058.118]: master offset    -748521 s2 freq  +98071 path delay    970881
ptp4l[2059.121]: master offset    -837925 s2 freq  +88292 path delay    970881
ptp4l[2060.123]: master offset    -866753 s2 freq  +84543 path delay    970881
ptp4l[2061.126]: master offset   -1154875 s2 freq  +54576 path delay    970881
ptp4l[2062.128]: master offset    -840124 s2 freq  +85211 path delay    939109
ptp4l[2063.131]: master offset   -1015678 s2 freq  +66640 path delay    920065
ptp4l[2064.131]: master offset    -990910 s2 freq  +68125 path delay    920065
ptp4l[2065.134]: master offset   -1136627 s2 freq  +52417 path delay    920065
ptp4l[2066.136]: master offset   -1314901 s2 freq  +33275 path delay    920065
ptp4l[2067.138]: master offset   -1438740 s2 freq  +19452 path delay    968291
ptp4l[2068.140]: master offset   -1443064 s2 freq  +17577 path delay    968291
ptp4l[2069.141]: master offset   -1472990 s2 freq  +13111 path delay    968291
ptp4l[2070.144]: master offset    -669903 s2 freq  +92750 path delay    965954
ptp4l[2071.147]: master offset    -674470 s2 freq  +91619 path delay    965954
ptp4l[2072.147]: master offset   -1171345 s2 freq  +40760 path delay   1005252
ptp4l[2073.149]: master offset    -290576 s2 freq +128546 path delay   1005252
ptp4l[2074.149]: master offset   -1387533 s2 freq  +17463 path delay   1005252
ptp4l[2075.150]: master offset   -1133613 s2 freq  +41721 path delay    983060
ptp4l[2076.155]: master offset    -798244 s2 freq  +74460 path delay    983060
ptp4l[2077.156]: master offset   -1090622 s2 freq  +44132 path delay    983060
ptp4l[2078.158]: master offset    -863378 s2 freq  +65993 path delay   1008742
ptp4l[2079.161]: master offset   -1199925 s2 freq  +31138 path delay   1032524
ptp4l[2080.164]: master offset     273995 s2 freq +178804 path delay   1008742
ptp4l[2081.167]: master offset   -1242599 s2 freq  +25902 path delay   1032524
ptp4l[2082.168]: master offset   -1616066 s2 freq  -13061 path delay   1032524
ptp4l[2083.171]: master offset   -1363679 s2 freq  +10814 path delay   1032524
ptp4l[2084.173]: master offset   -1414906 s2 freq   +4277 path delay    952645
ptp4l[2085.176]: master offset   -1051162 s2 freq  +39600 path delay    907492
ptp4l[2086.178]: master offset   -1033228 s2 freq  +40360 path delay    907492
ptp4l[2087.181]: master offset    -977738 s2 freq  +44931 path delay    907492
ptp4l[2088.183]: master offset   -1333562 s2 freq   +8015 path delay    817015
ptp4l[2089.183]: master offset   -1257428 s2 freq  +14371 path delay    787793
ptp4l[2090.185]: master offset    -817922 s2 freq  +57504 path delay    735077
ptp4l[2091.189]: master offset    -785398 s2 freq  +59971 path delay    668237
ptp4l[2092.193]: master offset    -831133 s2 freq  +54566 path delay    691890
ptp4l[2093.198]: master offset     221276 s2 freq +160029 path delay    787793
ptp4l[2094.199]: master offset    -764936 s2 freq  +60642 path delay    850530
ptp4l[2095.199]: master offset    -809098 s2 freq  +55417 path delay    887569
ptp4l[2096.199]: master offset    -848702 s2 freq  +50608 path delay    887569
ptp4l[2097.200]: master offset    -975363 s2 freq  +36967 path delay   1051076
ptp4l[2098.202]: master offset    -963069 s2 freq  +37233 path delay   1051076
ptp4l[2099.202]: master offset   -1081591 s2 freq  +24299 path delay   1160983
ptp4l[2100.204]: master offset   -1141995 s2 freq  +17117 path delay   1220917
ptp4l[2101.209]: master offset     161213 s2 freq +147599 path delay   1220917
ptp4l[2102.209]: master offset   -1282640 s2 freq   +1931 path delay   1225904
ptp4l[2103.212]: master offset   -1208017 s2 freq   +8185 path delay   1225904
ptp4l[2104.214]: master offset   -1222778 s2 freq   +5486 path delay   1231420
ptp4l[2105.217]: master offset   -1212163 s2 freq   +5336 path delay   1225904
ptp4l[2106.219]: master offset   -1086760 s2 freq  +16789 path delay   1225904
ptp4l[2107.222]: master offset   -1054259 s2 freq  +18985 path delay   1225904
ptp4l[2108.222]: master offset   -1151564 s2 freq   +8103 path delay   1231420
ptp4l[2109.226]: master offset    -997230 s2 freq  +22539 path delay   1231420
ptp4l[2110.228]: master offset   -1059874 s2 freq  +15215 path delay   1237143
ptp4l[2111.231]: master offset   -1106124 s2 freq   +9484 path delay   1225689
ptp4l[2112.232]: master offset   -1441846 s2 freq  -25530 path delay   1214097
ptp4l[2113.234]: master offset    -979144 s2 freq  +19761 path delay   1209780
ptp4l[2114.235]: master offset    -908622 s2 freq  +25904 path delay   1209780
ptp4l[2115.237]: master offset    -910461 s2 freq  +24810 path delay   1201979
ptp4l[2116.238]: master offset    -744295 s2 freq  +40682 path delay   1201979
ptp4l[2117.238]: master offset    -886400 s2 freq  +25585 path delay   1205818
ptp4l[2118.240]: master offset    -884858 s2 freq  +24855 path delay   1205818
ptp4l[2119.242]: master offset   -1223022 s2 freq  -10185 path delay   1205818
ptp4l[2120.244]: master offset    -844779 s2 freq  +26795 path delay   1205818
ptp4l[2121.247]: master offset   -1110943 s2 freq    -933 path delay   1207963
ptp4l[2122.248]: master offset   -1422820 s2 freq  -33543 path delay   1207963
ptp4l[2123.252]: master offset   -1336648 s2 freq  -26263 path delay   1207963
ptp4l[2124.254]: master offset   -1205160 s2 freq  -14319 path delay   1202218
ptp4l[2125.257]: master offset   -1117329 s2 freq   -6653 path delay   1202218
ptp4l[2126.258]: master offset   -1142004 s2 freq  -10263 path delay   1146371
ptp4l[2127.262]: master offset    -635853 s2 freq  +39717 path delay    811466
ptp4l[2128.263]: master offset    -555852 s2 freq  +47161 path delay    771430
ptp4l[2129.266]: master offset    -806472 s2 freq  +21292 path delay    771430
ptp4l[2130.268]: master offset    -533246 s2 freq  +48082 path delay    750688
ptp4l[2131.269]: master offset    -488108 s2 freq  +52107 path delay    750688
ptp4l[2132.271]: master offset    -814900 s2 freq  +18613 path delay    771430
ptp4l[2133.273]: master offset    -687307 s2 freq  +30685 path delay    771430
ptp4l[2134.273]: master offset    -837701 s2 freq  +14808 path delay    757947
ptp4l[2135.274]: master offset    -521939 s2 freq  +45862 path delay    742128
ptp4l[2136.273]: master offset    -758117 s2 freq  +21487 path delay    757947
ptp4l[2137.275]: master offset    -739675 s2 freq  +22591 path delay    742128
ptp4l[2138.277]: master offset    -641109 s2 freq  +31807 path delay    742128
ptp4l[2139.278]: master offset    -553485 s2 freq  +40015 path delay    726550
ptp4l[2140.281]: master offset    -470627 s2 freq  +47831 path delay    726550
ptp4l[2141.283]: master offset    -276415 s2 freq  +66975 path delay    712666
ptp4l[2142.284]: master offset    -865368 s2 freq   +7215 path delay    712666
ptp4l[2143.288]: master offset    -629570 s2 freq  +30165 path delay    712666
ptp4l[2144.289]: master offset    -549015 s2 freq  +37671 path delay    712666
ptp4l[2145.291]: master offset    -589791 s2 freq  +33004 path delay    712666
ptp4l[2146.292]: master offset    -849965 s2 freq   +6137 path delay    715428
ptp4l[2147.297]: master offset    -623912 s2 freq  +28118 path delay    709747
ptp4l[2148.299]: master offset    -741486 s2 freq  +15619 path delay    709747
ptp4l[2149.300]: master offset    -604896 s2 freq  +28673 path delay    709747
ptp4l[2150.302]: master offset    -711991 s2 freq  +17252 path delay    709747
ptp4l[2151.304]: master offset    -822290 s2 freq   +5400 path delay    732521
ptp4l[2152.306]: master offset    -765971 s2 freq  +10266 path delay    664971
ptp4l[2153.306]: master offset    -686133 s2 freq  +17563 path delay    661098
ptp4l[2154.307]: master offset    -699781 s2 freq  +15499 path delay    661098
ptp4l[2155.308]: master offset    -686371 s2 freq  +16153 path delay    649573
ptp4l[2156.309]: master offset    -476115 s2 freq  +36703 path delay    649573
ptp4l[2157.310]: master offset    -693639 s2 freq  +14257 path delay    661098
ptp4l[2158.310]: master offset    -694245 s2 freq  +13502 path delay    661098
